<?xml version="1.0" encoding="UTF-8"?>
<!-- Generated by org.testng.reporters.JUnitReportReporter -->
<testsuite skipped="0" hostname="DESKTOP-L2FA2TH" name="Academy.HomePage" tests="2" failures="0" timestamp="2021-01-16T18:23:14 IST" time="8.127" errors="0">
  <testcase name="basePageNavigation" time="5.676" classname="Academy.HomePage"/>
  <system-out/>
  <testcase name="basePageNavigation" time="2.451" classname="Academy.HomePage"/>
  <system-out/>
</testsuite> <!-- Academy.HomePage -->
