<?xml version="1.0" encoding="UTF-8"?>
<!-- Generated by org.testng.reporters.JUnitReportReporter -->
<testsuite skipped="0" hostname="DESKTOP-L2FA2TH" name="Academy.validateLogo" tests="1" failures="0" timestamp="2021-01-16T18:23:14 IST" time="0.233" errors="0">
  <testcase name="logoValidation" time="0.233" classname="Academy.validateLogo"/>
  <system-out/>
</testsuite> <!-- Academy.validateLogo -->
