<?xml version="1.0" encoding="UTF-8"?>
<!-- Generated by org.testng.reporters.JUnitReportReporter -->
<testsuite skipped="0" hostname="DESKTOP-L2FA2TH" name="Academy.HomePage" tests="2" failures="0" timestamp="2021-01-18T13:58:39 IST" time="10.811" errors="0">
  <testcase name="basePageNavigation" time="3.336" classname="Academy.HomePage"/>
  <system-out/>
  <testcase name="basePageNavigation" time="7.475" classname="Academy.HomePage"/>
  <system-out/>
</testsuite> <!-- Academy.HomePage -->
