<?xml version="1.0" encoding="UTF-8"?>
<!-- Generated by org.testng.reporters.JUnitReportReporter -->
<testsuite skipped="0" hostname="DESKTOP-L2FA2TH" name="Academy.validateLogo" tests="2" failures="0" timestamp="2021-01-18T13:52:44 IST" time="0.223" errors="0">
  <testcase name="logoValidation" time="0.222" classname="Academy.validateLogo"/>
  <system-out/>
  <testcase name="gitbranchTest" time="0.001" classname="Academy.validateLogo"/>
  <system-out/>
</testsuite> <!-- Academy.validateLogo -->
