<?xml version="1.0" encoding="UTF-8"?>
<!-- Generated by org.testng.reporters.JUnitReportReporter -->
<testsuite skipped="0" hostname="DESKTOP-L2FA2TH" name="Academy.validateLogo" tests="1" failures="0" timestamp="2021-01-16T15:20:16 IST" time="4.631" errors="0">
  <testcase name="logoValidation" time="4.631" classname="Academy.validateLogo"/>
  <system-out/>
</testsuite> <!-- Academy.validateLogo -->
